/usr/local/lib/python3.10/site-packages/django_q/conf.py:139: UserWarning: Retry and timeout are misconfigured. Set retry larger than timeout, 
        failure to do so will cause the tasks to be retriggered before completion. 
        See https://django-q.readthedocs.io/en/latest/configure.html#retry for details.
  warn(
/usr/local/lib/python3.10/site-packages/django_q/conf.py:139: UserWarning: Retry and timeout are misconfigured. Set retry larger than timeout, 
        failure to do so will cause the tasks to be retriggered before completion. 
        See https://django-q.readthedocs.io/en/latest/configure.html#retry for details.
  warn(
Watching for file changes with StatReloader
/usr/local/lib/python3.10/site-packages/django_q/conf.py:139: UserWarning: Retry and timeout are misconfigured. Set retry larger than timeout, 
        failure to do so will cause the tasks to be retriggered before completion. 
        See https://django-q.readthedocs.io/en/latest/configure.html#retry for details.
  warn(
22:39:11 [Q] INFO Q Cluster freddie-hotel-potato-bulldog starting.
22:39:11 [Q] INFO Process-1:1 ready for work at 3118942
22:39:11 [Q] INFO Process-1:2 ready for work at 3118943
22:39:11 [Q] INFO Process-1:3 ready for work at 3118944
22:39:11 [Q] INFO Process-1:4 ready for work at 3118945
22:39:11 [Q] INFO Process-1:5 ready for work at 3118946
22:39:11 [Q] INFO Process-1:6 ready for work at 3118947
22:39:11 [Q] INFO Process-1:7 ready for work at 3118948
22:39:11 [Q] INFO Process-1:8 ready for work at 3118949
22:39:11 [Q] INFO Process-1:9 monitoring at 3118950
22:39:11 [Q] INFO 3118942 will use cpu [0]
22:39:11 [Q] INFO Process-1:10 pushing tasks at 3118951
22:39:11 [Q] INFO 3118943 will use cpu [1]
22:39:11 [Q] INFO 3118944 will use cpu [2]
22:39:11 [Q] INFO 3118945 will use cpu [3]
22:39:11 [Q] INFO 3118946 will use cpu [4]
22:39:11 [Q] INFO 3118947 will use cpu [0]
22:39:11 [Q] INFO 3118948 will use cpu [1]
22:39:11 [Q] INFO 3118949 will use cpu [2]
22:39:11 [Q] INFO Process-1 guarding cluster freddie-hotel-potato-bulldog
22:39:11 [Q] INFO Q Cluster freddie-hotel-potato-bulldog running.
[02/Oct/2022 22:39:33] "GET /profile HTTP/1.1" 200 18086
[02/Oct/2022 22:39:33] "GET /static/assets/img/01.jpg HTTP/1.1" 404 1814
[02/Oct/2022 22:39:34] "GET /tarrifs HTTP/1.1" 200 13886
[02/Oct/2022 22:39:34] "GET /static/assets/img/01.jpg HTTP/1.1" 404 1814
[02/Oct/2022 22:39:35] "GET /profile HTTP/1.1" 200 18086
[02/Oct/2022 22:39:35] "GET /static/assets/img/01.jpg HTTP/1.1" 404 1814
[02/Oct/2022 22:39:36] "GET / HTTP/1.1" 200 12022
[02/Oct/2022 22:39:36] "GET /static/assets/img/01.jpg HTTP/1.1" 404 1814
[02/Oct/2022 22:39:37] "GET /tarrifs HTTP/1.1" 200 13886
[02/Oct/2022 22:39:37] "GET /static/assets/img/01.jpg HTTP/1.1" 404 1814
[02/Oct/2022 22:39:38] "GET /mailings HTTP/1.1" 200 14269
[02/Oct/2022 22:39:38] "GET /static/assets/img/01.jpg HTTP/1.1" 404 1814
[02/Oct/2022 22:39:39] "GET /profile HTTP/1.1" 200 18086
[02/Oct/2022 22:39:39] "GET /static/assets/img/01.jpg HTTP/1.1" 404 1814
[02/Oct/2022 22:39:39] "GET / HTTP/1.1" 200 12022
[02/Oct/2022 22:39:40] "GET /static/assets/img/01.jpg HTTP/1.1" 404 1814
[02/Oct/2022 22:40:48,803] - Broken pipe from ('178.204.121.221', 11234)

Forbidden (CSRF cookie not set.): /
[03/Oct/2022 04:29:34] "POST / HTTP/1.1" 403 3346
Forbidden (CSRF cookie not set.): /
[03/Oct/2022 04:29:40] "POST / HTTP/1.1" 403 3346
Forbidden (CSRF cookie not set.): /
[03/Oct/2022 04:31:32] "POST / HTTP/1.1" 403 3346
Not Found: /yoomoney/
[03/Oct/2022 04:34:01] "POST /yoomoney/ HTTP/1.1" 404 3443
Not Found: /GponForm/diag_Form
[03/Oct/2022 04:40:18] "POST /GponForm/diag_Form?images/ HTTP/1.1" 404 3474
[03/Oct/2022 04:40:19,179] - Broken pipe from ('115.55.98.206', 58600)

[03/Oct/2022 11:42:21] "GET /admin/backend/user/ HTTP/1.1" 200 25031
[03/Oct/2022 11:42:21] "GET /static/admin/css/base.css HTTP/1.1" 200 19513
[03/Oct/2022 11:42:21] "GET /static/jet/css/vendor.css?v=1.0.8 HTTP/1.1" 200 54063
[03/Oct/2022 11:42:21] "GET /static/jet/css/icons/style.css?v=1.0.8 HTTP/1.1" 200 2374
[03/Oct/2022 11:42:21] "GET /static/jet/css/themes/default/select2.theme.css?v=1.0.8 HTTP/1.1" 200 23577
[03/Oct/2022 11:42:21] "GET /static/jet/css/themes/default/jquery-ui.theme.css?v=1.0.8 HTTP/1.1" 200 6763
[03/Oct/2022 11:42:21] "GET /static/admin/css/changelists.css HTTP/1.1" 200 6932
[03/Oct/2022 11:42:21] "GET /static/jet/css/themes/default/base.css?v=1.0.8 HTTP/1.1" 200 178921
[03/Oct/2022 11:42:21] "GET /admin/jsi18n/ HTTP/1.1" 200 15618
[03/Oct/2022 11:42:21] "GET /jetjsi18n/ HTTP/1.1" 200 14431
[03/Oct/2022 11:42:21] "GET /static/jet/js/i18n/jquery-ui/datepicker-ru.js?v=1.0.8 HTTP/1.1" 200 1402
[03/Oct/2022 11:42:21] "GET /static/jet/js/i18n/jquery-ui-timepicker/jquery.ui.timepicker-ru.js?v=1.0.8 HTTP/1.1" 200 531
[03/Oct/2022 11:42:21] "GET /static/jet/js/i18n/select2/ru.js?v=1.0.8 HTTP/1.1" 200 1129
[03/Oct/2022 11:42:21] "GET /static/admin/css/fonts.css HTTP/1.1" 200 423
[03/Oct/2022 11:42:21] "GET /static/admin/js/jquery.init.js HTTP/1.1" 200 347
[03/Oct/2022 11:42:21] "GET /static/admin/js/admin/RelatedObjectLookups.js HTTP/1.1" 200 5984
[03/Oct/2022 11:42:21] "GET /static/admin/js/core.js HTTP/1.1" 200 5698
[03/Oct/2022 11:42:21] "GET /static/admin/js/urlify.js HTTP/1.1" 200 7902
[03/Oct/2022 11:42:21] "GET /static/admin/js/actions.js HTTP/1.1" 200 7872
[03/Oct/2022 11:42:21] "GET /static/admin/js/prepopulate.js HTTP/1.1" 200 1531
[03/Oct/2022 11:42:21] "GET /static/admin/js/vendor/xregexp/xregexp.js HTTP/1.1" 200 232381
[03/Oct/2022 11:42:21] "GET /static/jet/js/build/bundle.min.js?v=1.0.8 HTTP/1.1" 200 417096
[03/Oct/2022 11:42:21] "GET /static/admin/js/vendor/jquery/jquery.js HTTP/1.1" 200 288580
[03/Oct/2022 11:42:21] "GET /static/admin/img/search.svg HTTP/1.1" 200 458
[03/Oct/2022 11:42:21] "GET /static/admin/img/sorting-icons.svg HTTP/1.1" 200 1097
[03/Oct/2022 11:42:21] "GET /static/jet/css/icons/fonts/jet-icons.ttf?415d6s HTTP/1.1" 200 6240
[03/Oct/2022 11:42:22] "GET /static/admin/fonts/Roboto-Regular-webfont.woff HTTP/1.1" 200 85876
[03/Oct/2022 11:42:22] "GET /static/admin/img/tooltag-add.svg HTTP/1.1" 200 331
[03/Oct/2022 11:42:22] "GET /static/admin/fonts/Roboto-Bold-webfont.woff HTTP/1.1" 200 86184
Not Found: /favicon.ico
[03/Oct/2022 11:42:22] "GET /favicon.ico HTTP/1.1" 404 3448
[03/Oct/2022 11:42:25] "GET / HTTP/1.1" 200 12022
[03/Oct/2022 11:42:25] "GET /static/bootstrap/css/bootstrap.min.css HTTP/1.1" 200 161409
[03/Oct/2022 11:42:25] "GET /static/assets/css/plugins.css HTTP/1.1" 200 346
[03/Oct/2022 11:42:25] "GET /static/assets/css/elements/alert.css HTTP/1.1" 200 4936
[03/Oct/2022 11:42:25] "GET /static/bootstrap/js/popper.min.js HTTP/1.1" 200 18994
[03/Oct/2022 11:42:25] "GET /static/bootstrap/js/bootstrap.min.js HTTP/1.1" 200 63467
[03/Oct/2022 11:42:25] "GET /static/assets/js/libs/jquery-3.1.1.min.js HTTP/1.1" 200 86709
[03/Oct/2022 11:42:25] "GET /static/assets/css/main.css HTTP/1.1" 200 60050
[03/Oct/2022 11:42:25] "GET /static/plugins/perfect-scrollbar/perfect-scrollbar.css HTTP/1.1" 200 2840
[03/Oct/2022 11:42:25] "GET /static/assets/css/structure.css HTTP/1.1" 200 47648
[03/Oct/2022 11:42:25] "GET /static/plugins/highlight/styles/monokai-sublime.css HTTP/1.1" 200 1026
[03/Oct/2022 11:42:25] "GET /static/plugins/perfect-scrollbar/perfect-scrollbar.min.js HTTP/1.1" 200 18291
[03/Oct/2022 11:42:25] "GET /static/assets/js/app.js HTTP/1.1" 200 14134
[03/Oct/2022 11:42:25] "GET /static/assets/js/custom.js HTTP/1.1" 200 3751
[03/Oct/2022 11:42:25] "GET /static/assets/img/logo.png HTTP/1.1" 200 2872
[03/Oct/2022 11:42:25] "GET /static/assets/img/90x90.jpg HTTP/1.1" 200 1008
[03/Oct/2022 11:42:25] "GET /static/assets/img/01.jpg HTTP/1.1" 404 1814
[03/Oct/2022 11:42:43] "GET /admin/backend/user/ HTTP/1.1" 200 25031
[03/Oct/2022 11:42:43] "GET /static/jet/css/icons/style.css?v=1.0.8 HTTP/1.1" 200 2374
[03/Oct/2022 11:42:43] "GET /static/jet/css/themes/default/select2.theme.css?v=1.0.8 HTTP/1.1" 200 23577
[03/Oct/2022 11:42:43] "GET /static/admin/css/base.css HTTP/1.1" 200 19513
[03/Oct/2022 11:42:43] "GET /static/jet/css/vendor.css?v=1.0.8 HTTP/1.1" 200 54063
[03/Oct/2022 11:42:43] "GET /static/jet/css/themes/default/jquery-ui.theme.css?v=1.0.8 HTTP/1.1" 200 6763
[03/Oct/2022 11:42:43] "GET /static/admin/css/changelists.css HTTP/1.1" 200 6932
[03/Oct/2022 11:42:43] "GET /admin/jsi18n/ HTTP/1.1" 200 15618
[03/Oct/2022 11:42:43] "GET /jetjsi18n/ HTTP/1.1" 200 14431
[03/Oct/2022 11:42:43] "GET /static/jet/js/i18n/jquery-ui/datepicker-ru.js?v=1.0.8 HTTP/1.1" 200 1402
[03/Oct/2022 11:42:43] "GET /static/jet/js/i18n/jquery-ui-timepicker/jquery.ui.timepicker-ru.js?v=1.0.8 HTTP/1.1" 200 531
[03/Oct/2022 11:42:43] "GET /static/jet/js/i18n/select2/ru.js?v=1.0.8 HTTP/1.1" 200 1129
[03/Oct/2022 11:42:43] "GET /static/admin/js/vendor/jquery/jquery.js HTTP/1.1" 200 288580
[03/Oct/2022 11:42:43] "GET /static/admin/css/fonts.css HTTP/1.1" 200 423
[03/Oct/2022 11:42:43] "GET /static/admin/js/jquery.init.js HTTP/1.1" 200 347
[03/Oct/2022 11:42:43] "GET /static/jet/css/themes/default/base.css?v=1.0.8 HTTP/1.1" 200 178921
[03/Oct/2022 11:42:43] "GET /static/admin/js/core.js HTTP/1.1" 200 5698
[03/Oct/2022 11:42:43] "GET /static/admin/js/admin/RelatedObjectLookups.js HTTP/1.1" 200 5984
[03/Oct/2022 11:42:43] "GET /static/admin/js/actions.js HTTP/1.1" 200 7872
[03/Oct/2022 11:42:43] "GET /static/admin/js/urlify.js HTTP/1.1" 200 7902
[03/Oct/2022 11:42:43] "GET /static/admin/js/prepopulate.js HTTP/1.1" 200 1531
[03/Oct/2022 11:42:43] "GET /static/admin/js/vendor/xregexp/xregexp.js HTTP/1.1" 200 232381
[03/Oct/2022 11:42:44] "GET /static/admin/img/search.svg HTTP/1.1" 200 458
[03/Oct/2022 11:42:44] "GET /static/jet/js/build/bundle.min.js?v=1.0.8 HTTP/1.1" 200 417096
[03/Oct/2022 11:42:44] "GET /static/jet/css/icons/fonts/jet-icons.ttf?415d6s HTTP/1.1" 200 6240
[03/Oct/2022 11:42:44] "GET /static/admin/img/sorting-icons.svg HTTP/1.1" 200 1097
[03/Oct/2022 11:42:44] "GET /static/admin/fonts/Roboto-Regular-webfont.woff HTTP/1.1" 200 85876
[03/Oct/2022 11:42:44] "GET /static/admin/img/tooltag-add.svg HTTP/1.1" 200 331
[03/Oct/2022 11:42:44] "GET /static/admin/fonts/Roboto-Bold-webfont.woff HTTP/1.1" 200 86184
Not Found: /favicon.ico
[03/Oct/2022 11:42:44] "GET /favicon.ico HTTP/1.1" 404 3448
[03/Oct/2022 11:42:46] "GET /admin/backend/user/ HTTP/1.1" 200 25031
[03/Oct/2022 11:42:46] "GET /jetjsi18n/ HTTP/1.1" 200 14431
[03/Oct/2022 11:42:46] "GET /admin/jsi18n/ HTTP/1.1" 200 15618
[03/Oct/2022 11:42:47] "GET /admin/backend/user/ HTTP/1.1" 200 25031
[03/Oct/2022 11:42:47] "GET /static/admin/css/base.css HTTP/1.1" 200 19513
[03/Oct/2022 11:42:47] "GET /static/jet/css/icons/style.css?v=1.0.8 HTTP/1.1" 200 2374
[03/Oct/2022 11:42:47] "GET /static/jet/css/vendor.css?v=1.0.8 HTTP/1.1" 200 54063
[03/Oct/2022 11:42:47] "GET /static/jet/css/themes/default/select2.theme.css?v=1.0.8 HTTP/1.1" 200 23577
[03/Oct/2022 11:42:47] "GET /static/jet/css/themes/default/base.css?v=1.0.8 HTTP/1.1" 200 178921
[03/Oct/2022 11:42:47] "GET /static/jet/css/themes/default/jquery-ui.theme.css?v=1.0.8 HTTP/1.1" 200 6763
[03/Oct/2022 11:42:47] "GET /static/admin/css/changelists.css HTTP/1.1" 200 6932
[03/Oct/2022 11:42:47] "GET /admin/jsi18n/ HTTP/1.1" 200 15618
[03/Oct/2022 11:42:47] "GET /jetjsi18n/ HTTP/1.1" 200 14431
[03/Oct/2022 11:42:47] "GET /static/jet/js/i18n/jquery-ui/datepicker-ru.js?v=1.0.8 HTTP/1.1" 200 1402
[03/Oct/2022 11:42:47] "GET /static/jet/js/i18n/jquery-ui-timepicker/jquery.ui.timepicker-ru.js?v=1.0.8 HTTP/1.1" 200 531
[03/Oct/2022 11:42:47] "GET /static/admin/css/fonts.css HTTP/1.1" 200 423
[03/Oct/2022 11:42:47] "GET /static/jet/js/i18n/select2/ru.js?v=1.0.8 HTTP/1.1" 200 1129
[03/Oct/2022 11:42:47] "GET /static/admin/js/jquery.init.js HTTP/1.1" 200 347
[03/Oct/2022 11:42:47] "GET /static/admin/js/core.js HTTP/1.1" 200 5698
[03/Oct/2022 11:42:47] "GET /static/admin/js/admin/RelatedObjectLookups.js HTTP/1.1" 200 5984
[03/Oct/2022 11:42:47] "GET /static/admin/js/actions.js HTTP/1.1" 200 7872
[03/Oct/2022 11:42:47] "GET /static/admin/js/urlify.js HTTP/1.1" 200 7902
[03/Oct/2022 11:42:47] "GET /static/admin/js/prepopulate.js HTTP/1.1" 200 1531
[03/Oct/2022 11:42:47] "GET /static/admin/js/vendor/xregexp/xregexp.js HTTP/1.1" 200 232381
[03/Oct/2022 11:42:48] "GET /static/jet/js/build/bundle.min.js?v=1.0.8 HTTP/1.1" 200 417096
[03/Oct/2022 11:42:48] "GET /static/admin/img/search.svg HTTP/1.1" 200 458
[03/Oct/2022 11:42:48] "GET /static/admin/js/vendor/jquery/jquery.js HTTP/1.1" 200 288580
[03/Oct/2022 11:42:48] "GET /static/admin/img/sorting-icons.svg HTTP/1.1" 200 1097
[03/Oct/2022 11:42:48] "GET /static/jet/css/icons/fonts/jet-icons.ttf?415d6s HTTP/1.1" 200 6240
[03/Oct/2022 11:42:48] "GET /static/admin/fonts/Roboto-Regular-webfont.woff HTTP/1.1" 200 85876
[03/Oct/2022 11:42:48] "GET /static/admin/img/tooltag-add.svg HTTP/1.1" 200 331
[03/Oct/2022 11:42:48] "GET /static/admin/fonts/Roboto-Bold-webfont.woff HTTP/1.1" 200 86184
Not Found: /favicon.ico
[03/Oct/2022 11:42:48] "GET /favicon.ico HTTP/1.1" 404 3448
[03/Oct/2022 11:42:51] "GET /admin/backend/purchasetarrif/ HTTP/1.1" 200 23997
[03/Oct/2022 11:42:51] "GET /jetjsi18n/ HTTP/1.1" 200 14431
[03/Oct/2022 11:42:51] "GET /admin/jsi18n/ HTTP/1.1" 200 15618
[03/Oct/2022 11:42:52] "GET /admin/backend/balancereplenishment/ HTTP/1.1" 200 23135
[03/Oct/2022 11:42:52] "GET /jetjsi18n/ HTTP/1.1" 200 14431
[03/Oct/2022 11:42:52] "GET /admin/jsi18n/ HTTP/1.1" 200 15618
[03/Oct/2022 11:42:54] "GET /admin/backend/purchasetarrif/ HTTP/1.1" 200 23997
[03/Oct/2022 11:42:54] "GET /jetjsi18n/ HTTP/1.1" 200 14431
[03/Oct/2022 11:42:54] "GET /admin/jsi18n/ HTTP/1.1" 200 15618
[03/Oct/2022 11:43:08] "GET / HTTP/1.1" 200 12022
[03/Oct/2022 11:43:08] "GET /static/assets/img/01.jpg HTTP/1.1" 404 1814
[03/Oct/2022 11:43:09] "GET /static/assets/img/favicon.ico HTTP/1.1" 200 4286
[03/Oct/2022 11:43:09] "GET /profile HTTP/1.1" 200 18086
[03/Oct/2022 11:43:09] "GET /static/assets/img/01.jpg HTTP/1.1" 404 1814
[03/Oct/2022 11:43:10] "GET /tarrifs HTTP/1.1" 200 13886
[03/Oct/2022 11:43:10] "GET /static/assets/img/01.jpg HTTP/1.1" 404 1814
[03/Oct/2022 11:43:10] "GET /mailings HTTP/1.1" 200 14269
[03/Oct/2022 11:43:11] "GET /static/ckeditor/ckeditor-init.js HTTP/1.1" 200 1498
[03/Oct/2022 11:43:11] "GET /static/assets/img/01.jpg HTTP/1.1" 404 1814
[03/Oct/2022 11:43:11] "GET /static/ckeditor/ckeditor/ckeditor.js HTTP/1.1" 200 752308
[03/Oct/2022 11:43:11] "GET /static/ckeditor/ckeditor/config.js?t=LAHF HTTP/1.1" 200 338
[03/Oct/2022 11:43:11] "GET /static/ckeditor/ckeditor/lang/ru.js?t=LAHF HTTP/1.1" 200 27332
[03/Oct/2022 11:43:11] "GET /static/ckeditor/ckeditor/skins/moono-lisa/editor.css?t=LAHF HTTP/1.1" 200 48239
[03/Oct/2022 11:43:11] "GET /static/ckeditor/ckeditor/styles.js?t=LAHF HTTP/1.1" 200 5579
[03/Oct/2022 11:43:12] "GET /static/ckeditor/ckeditor/plugins/scayt/skins/moono-lisa/scayt.css?t=LAHF HTTP/1.1" 200 381
[03/Oct/2022 11:43:12] "GET /static/ckeditor/ckeditor/plugins/scayt/dialogs/dialog.css?t=LAHF HTTP/1.1" 200 419
[03/Oct/2022 11:43:12] "GET /static/ckeditor/ckeditor/plugins/tableselection/styles/tableselection.css HTTP/1.1" 200 1145
[03/Oct/2022 11:43:12] "GET /static/ckeditor/ckeditor/plugins/dialog/styles/dialog.css HTTP/1.1" 200 249
[03/Oct/2022 11:43:12] "GET /static/ckeditor/ckeditor/plugins/copyformatting/styles/copyformatting.css HTTP/1.1" 200 1513
[03/Oct/2022 11:43:12] "GET /static/ckeditor/ckeditor/contents.css?t=LAHF HTTP/1.1" 200 3094
[03/Oct/2022 11:43:12] "GET /static/ckeditor/ckeditor/skins/moono-lisa/icons.png?t=f6dd30807a HTTP/1.1" 200 12237
[03/Oct/2022 11:43:12] "GET /static/ckeditor/ckeditor/plugins/icons.png?t=LAHF HTTP/1.1" 200 12237
[03/Oct/2022 11:58:33] "GET /profile HTTP/1.1" 200 18086
[03/Oct/2022 11:58:33] "GET /static/assets/css/plugins.css HTTP/1.1" 200 346
[03/Oct/2022 11:58:33] "GET /static/assets/css/elements/alert.css HTTP/1.1" 200 4936
[03/Oct/2022 11:58:33] "GET /static/bootstrap/css/bootstrap.min.css HTTP/1.1" 200 161409
[03/Oct/2022 11:58:33] "GET /static/bootstrap/js/popper.min.js HTTP/1.1" 200 18994
[03/Oct/2022 11:58:33] "GET /static/assets/js/libs/jquery-3.1.1.min.js HTTP/1.1" 200 86709
[03/Oct/2022 11:58:33] "GET /static/plugins/perfect-scrollbar/perfect-scrollbar.css HTTP/1.1" 200 2840
[03/Oct/2022 11:58:33] "GET /static/bootstrap/js/bootstrap.min.js HTTP/1.1" 200 63467
[03/Oct/2022 11:58:33] "GET /static/plugins/highlight/styles/monokai-sublime.css HTTP/1.1" 200 1026
[03/Oct/2022 11:58:33] "GET /static/assets/css/main.css HTTP/1.1" 200 60050
[03/Oct/2022 11:58:33] "GET /static/assets/css/structure.css HTTP/1.1" 200 47648
[03/Oct/2022 11:58:33] "GET /static/plugins/perfect-scrollbar/perfect-scrollbar.min.js HTTP/1.1" 200 18291
[03/Oct/2022 11:58:33] "GET /static/assets/js/app.js HTTP/1.1" 200 14134
[03/Oct/2022 11:58:33] "GET /static/assets/js/custom.js HTTP/1.1" 200 3751
[03/Oct/2022 11:58:34] "GET /static/assets/img/logo.png HTTP/1.1" 200 2872
[03/Oct/2022 11:58:34] "GET /static/assets/img/90x90.jpg HTTP/1.1" 200 1008
[03/Oct/2022 11:58:34] "GET /static/assets/img/01.jpg HTTP/1.1" 404 1814
[03/Oct/2022 11:58:34] "GET /static/assets/img/favicon.ico HTTP/1.1" 200 4286
Not Found: /admin/backend/template/
[03/Oct/2022 11:59:27] "GET /admin/backend/template/ HTTP/1.1" 404 6400
[03/Oct/2022 11:59:29] "GET /admin/ HTTP/1.1" 200 30511
[03/Oct/2022 11:59:29] "GET /static/admin/css/dashboard.css HTTP/1.1" 200 380
[03/Oct/2022 11:59:29] "GET /jetjsi18n/ HTTP/1.1" 200 14431
[03/Oct/2022 11:59:30] "GET /admin HTTP/1.1" 301 0
[03/Oct/2022 11:59:30] "GET /admin/ HTTP/1.1" 200 30511
[03/Oct/2022 11:59:30] "GET /jetjsi18n/ HTTP/1.1" 200 14431
[03/Oct/2022 11:59:30] "GET /static/admin/css/dashboard.css HTTP/1.1" 200 380
[03/Oct/2022 11:59:30] "GET /static/admin/img/icon-addlink.svg HTTP/1.1" 200 331
[03/Oct/2022 11:59:30] "GET /static/admin/img/icon-changelink.svg HTTP/1.1" 200 380
[03/Oct/2022 11:59:34] "GET /admin/backend/user/ HTTP/1.1" 200 25031
[03/Oct/2022 11:59:34] "GET /jetjsi18n/ HTTP/1.1" 200 14431
[03/Oct/2022 11:59:34] "GET /admin/jsi18n/ HTTP/1.1" 200 15618
[03/Oct/2022 11:59:37] "GET /admin/backend/user/1/change/ HTTP/1.1" 200 41231
[03/Oct/2022 11:59:37] "GET /static/admin/css/forms.css HTTP/1.1" 200 8878
[03/Oct/2022 11:59:37] "GET /jetjsi18n/ HTTP/1.1" 200 14431
[03/Oct/2022 11:59:37] "GET /static/admin/js/SelectBox.js HTTP/1.1" 200 4360
[03/Oct/2022 11:59:37] "GET /static/admin/js/calendar.js HTTP/1.1" 200 8466
[03/Oct/2022 11:59:37] "GET /admin/jsi18n/ HTTP/1.1" 200 15618
[03/Oct/2022 11:59:37] "GET /static/admin/js/admin/DateTimeShortcuts.js HTTP/1.1" 200 19634
[03/Oct/2022 11:59:37] "GET /static/admin/js/SelectFilter2.js HTTP/1.1" 200 12350
[03/Oct/2022 11:59:37] "GET /static/admin/css/widgets.css HTTP/1.1" 200 11097
[03/Oct/2022 11:59:37] "GET /static/admin/js/prepopulate_init.js HTTP/1.1" 200 492
[03/Oct/2022 11:59:37] "GET /static/admin/js/change_form.js HTTP/1.1" 200 606
[03/Oct/2022 11:59:37] "GET /static/admin/img/icon-calendar.svg HTTP/1.1" 200 1086
[03/Oct/2022 11:59:37] "GET /static/admin/img/icon-clock.svg HTTP/1.1" 200 677
[03/Oct/2022 11:59:45] "POST /admin/backend/user/1/change/ HTTP/1.1" 302 0
[03/Oct/2022 11:59:45] "GET /admin/backend/user/ HTTP/1.1" 200 25243
[03/Oct/2022 11:59:46] "GET /admin/jsi18n/ HTTP/1.1" 200 15618
[03/Oct/2022 11:59:46] "GET /jetjsi18n/ HTTP/1.1" 200 14431
[03/Oct/2022 11:59:52] "GET / HTTP/1.1" 200 12026
[03/Oct/2022 11:59:52] "GET /static/assets/img/01.jpg HTTP/1.1" 404 1814
[03/Oct/2022 12:01:45] "GET /profile HTTP/1.1" 200 18092
[03/Oct/2022 12:01:45] "GET /static/assets/img/01.jpg HTTP/1.1" 404 1814
[03/Oct/2022 12:01:45] "GET /tarrifs HTTP/1.1" 200 13890
[03/Oct/2022 12:01:46] "GET /static/assets/img/01.jpg HTTP/1.1" 404 1814
[03/Oct/2022 12:01:46] "GET /mailings HTTP/1.1" 200 14273
[03/Oct/2022 12:01:46] "GET /static/assets/img/01.jpg HTTP/1.1" 404 1814
[03/Oct/2022 12:01:47] "GET /profile HTTP/1.1" 200 18092
[03/Oct/2022 12:01:47] "GET /static/assets/img/01.jpg HTTP/1.1" 404 1814
[03/Oct/2022 12:01:47] "GET / HTTP/1.1" 200 12026
[03/Oct/2022 12:01:48] "GET /static/assets/img/01.jpg HTTP/1.1" 404 1814
[03/Oct/2022 12:10:43] "GET / HTTP/1.1" 200 12026
[03/Oct/2022 12:10:43] "GET /static/assets/img/01.jpg HTTP/1.1" 404 1814
[03/Oct/2022 12:23:29] "GET / HTTP/1.1" 200 12026
[03/Oct/2022 12:23:29] "GET /static/assets/img/01.jpg HTTP/1.1" 404 1814
[03/Oct/2022 12:23:29] "GET / HTTP/1.1" 200 12026
[03/Oct/2022 12:23:30] "GET /static/assets/img/01.jpg HTTP/1.1" 404 1814
[03/Oct/2022 12:23:31] "GET / HTTP/1.1" 200 12026
[03/Oct/2022 12:23:31] "GET /static/assets/img/01.jpg HTTP/1.1" 404 1814
[03/Oct/2022 12:32:17] "GET / HTTP/1.1" 200 12026
[03/Oct/2022 12:32:18] "GET /static/assets/img/01.jpg HTTP/1.1" 404 1814
[03/Oct/2022 12:32:18] "GET / HTTP/1.1" 200 12026
[03/Oct/2022 12:32:18] "GET /static/assets/img/01.jpg HTTP/1.1" 404 1814
[03/Oct/2022 12:32:22] "GET /profile HTTP/1.1" 200 18092
[03/Oct/2022 12:32:22] "GET /static/assets/img/01.jpg HTTP/1.1" 404 1814
[03/Oct/2022 12:32:23] "GET /mailings HTTP/1.1" 200 14273
[03/Oct/2022 12:32:24] "GET /static/assets/img/01.jpg HTTP/1.1" 404 1814
[03/Oct/2022 12:32:28] "GET /tarrifs HTTP/1.1" 200 13890
[03/Oct/2022 12:32:28] "GET /static/assets/img/01.jpg HTTP/1.1" 404 1814
[03/Oct/2022 12:32:29] "GET /profile HTTP/1.1" 200 18092
[03/Oct/2022 12:32:29] "GET /static/assets/img/01.jpg HTTP/1.1" 404 1814
[03/Oct/2022 12:32:31] "GET / HTTP/1.1" 200 12026
[03/Oct/2022 12:32:31] "GET /static/assets/img/01.jpg HTTP/1.1" 404 1814
[03/Oct/2022 12:43:33] "GET / HTTP/1.1" 200 7500
[03/Oct/2022 12:43:46] "GET /admin/ HTTP/1.1" 302 0
[03/Oct/2022 12:43:46] "GET /admin/ HTTP/1.1" 302 0
[03/Oct/2022 12:43:46] "GET /admin/login/?next=/admin/ HTTP/1.1" 200 5309
[03/Oct/2022 12:43:46] "GET /admin/login/?next=/admin/ HTTP/1.1" 200 5309
[03/Oct/2022 12:43:46] "GET /static/admin/css/login.css HTTP/1.1" 200 954
[03/Oct/2022 12:43:46] "GET /jetjsi18n/ HTTP/1.1" 200 14431
[03/Oct/2022 12:43:49] "POST /admin/login/?next=/admin/ HTTP/1.1" 302 0
[03/Oct/2022 12:43:49] "GET /admin/ HTTP/1.1" 200 30481
[03/Oct/2022 12:43:49] "GET /jetjsi18n/ HTTP/1.1" 200 14431
[03/Oct/2022 12:43:53] "GET / HTTP/1.1" 200 12026
[03/Oct/2022 12:43:53] "GET /static/assets/img/01.jpg HTTP/1.1" 404 1814
[03/Oct/2022 12:43:55] "GET / HTTP/1.1" 200 12026
[03/Oct/2022 12:43:55] "GET /static/assets/img/01.jpg HTTP/1.1" 404 1814
[03/Oct/2022 13:00:22] "GET / HTTP/1.1" 200 7500
[03/Oct/2022 13:53:43] "GET /admin/backend/purchasetarrif/ HTTP/1.1" 302 0
[03/Oct/2022 13:53:43] "GET /admin/login/?next=/admin/backend/purchasetarrif/ HTTP/1.1" 200 5355
[03/Oct/2022 13:53:43] "GET /jetjsi18n/ HTTP/1.1" 200 14431
[03/Oct/2022 13:53:48] "POST /admin/login/?next=/admin/backend/purchasetarrif/ HTTP/1.1" 302 0
[03/Oct/2022 13:53:49] "GET /admin/backend/purchasetarrif/ HTTP/1.1" 200 23997
[03/Oct/2022 13:53:49] "GET /jetjsi18n/ HTTP/1.1" 200 14431
[03/Oct/2022 13:53:49] "GET /admin/jsi18n/ HTTP/1.1" 200 15618
[03/Oct/2022 13:53:54] "GET /admin/backend/purchasetarrif/ HTTP/1.1" 200 23997
[03/Oct/2022 13:53:54] "GET /static/admin/css/base.css HTTP/1.1" 200 19513
[03/Oct/2022 13:53:54] "GET /static/jet/css/vendor.css?v=1.0.8 HTTP/1.1" 200 54063
[03/Oct/2022 13:53:54] "GET /static/jet/css/icons/style.css?v=1.0.8 HTTP/1.1" 200 2374
[03/Oct/2022 13:53:54] "GET /static/jet/css/themes/default/jquery-ui.theme.css?v=1.0.8 HTTP/1.1" 200 6763
[03/Oct/2022 13:53:54] "GET /static/jet/css/themes/default/select2.theme.css?v=1.0.8 HTTP/1.1" 200 23577
[03/Oct/2022 13:53:54] "GET /static/admin/css/changelists.css HTTP/1.1" 200 6932
[03/Oct/2022 13:53:54] "GET /admin/jsi18n/ HTTP/1.1" 200 15618
[03/Oct/2022 13:53:54] "GET /jetjsi18n/ HTTP/1.1" 200 14431
[03/Oct/2022 13:53:54] "GET /static/admin/css/fonts.css HTTP/1.1" 200 423
[03/Oct/2022 13:53:54] "GET /static/jet/css/themes/default/base.css?v=1.0.8 HTTP/1.1" 200 178921
[03/Oct/2022 13:53:54] "GET /static/jet/js/i18n/jquery-ui/datepicker-ru.js?v=1.0.8 HTTP/1.1" 200 1402
[03/Oct/2022 13:53:54] "GET /static/jet/js/i18n/jquery-ui-timepicker/jquery.ui.timepicker-ru.js?v=1.0.8 HTTP/1.1" 200 531
[03/Oct/2022 13:53:54] "GET /static/jet/js/i18n/select2/ru.js?v=1.0.8 HTTP/1.1" 200 1129
[03/Oct/2022 13:53:54] "GET /static/admin/js/jquery.init.js HTTP/1.1" 200 347
[03/Oct/2022 13:53:54] "GET /static/admin/js/core.js HTTP/1.1" 200 5698
[03/Oct/2022 13:53:54] "GET /static/admin/js/admin/RelatedObjectLookups.js HTTP/1.1" 200 5984
[03/Oct/2022 13:53:54] "GET /static/admin/js/vendor/jquery/jquery.js HTTP/1.1" 200 288580
[03/Oct/2022 13:53:54] "GET /static/admin/js/actions.js HTTP/1.1" 200 7872
[03/Oct/2022 13:53:54] "GET /static/admin/js/urlify.js HTTP/1.1" 200 7902
[03/Oct/2022 13:53:54] "GET /static/jet/js/build/bundle.min.js?v=1.0.8 HTTP/1.1" 200 417096
[03/Oct/2022 13:53:54] "GET /static/admin/js/prepopulate.js HTTP/1.1" 200 1531
[03/Oct/2022 13:53:54] "GET /static/admin/js/vendor/xregexp/xregexp.js HTTP/1.1" 200 232381
[03/Oct/2022 13:53:54] "GET /static/jet/css/icons/fonts/jet-icons.ttf?415d6s HTTP/1.1" 200 6240
[03/Oct/2022 13:53:54] "GET /static/admin/fonts/Roboto-Bold-webfont.woff HTTP/1.1" 200 86184
[03/Oct/2022 13:53:54] "GET /static/admin/fonts/Roboto-Regular-webfont.woff HTTP/1.1" 200 85876
[03/Oct/2022 13:53:54] "GET /static/admin/img/tooltag-add.svg HTTP/1.1" 200 331
Not Found: /favicon.ico
[03/Oct/2022 13:53:54] "GET /favicon.ico HTTP/1.1" 404 3448
[03/Oct/2022 13:53:58] "GET /admin/backend/user/ HTTP/1.1" 200 25033
[03/Oct/2022 13:53:58] "GET /jetjsi18n/ HTTP/1.1" 200 14431
[03/Oct/2022 13:53:58] "GET /admin/jsi18n/ HTTP/1.1" 200 15618
[03/Oct/2022 13:54:14] "GET /admin/backend/mailing/ HTTP/1.1" 200 22963
[03/Oct/2022 13:54:14] "GET /jetjsi18n/ HTTP/1.1" 200 14431
[03/Oct/2022 13:54:14] "GET /admin/jsi18n/ HTTP/1.1" 200 15618
[03/Oct/2022 13:54:15] "GET /admin/backend/mailing/ HTTP/1.1" 200 22963
[03/Oct/2022 13:54:15] "GET /jetjsi18n/ HTTP/1.1" 200 14431
[03/Oct/2022 13:54:15] "GET /admin/jsi18n/ HTTP/1.1" 200 15618
[03/Oct/2022 13:54:16] "GET /admin/backend/user/ HTTP/1.1" 200 25033
[03/Oct/2022 13:54:16] "GET /jetjsi18n/ HTTP/1.1" 200 14431
[03/Oct/2022 13:54:16] "GET /admin/jsi18n/ HTTP/1.1" 200 15618
[03/Oct/2022 13:54:17] "GET /admin/backend/tarrif/ HTTP/1.1" 200 23139
[03/Oct/2022 13:54:17] "GET /jetjsi18n/ HTTP/1.1" 200 14431
[03/Oct/2022 13:54:17] "GET /admin/jsi18n/ HTTP/1.1" 200 15618
[03/Oct/2022 13:54:18] "GET /admin/backend/purchasetarrif/ HTTP/1.1" 200 23997
[03/Oct/2022 13:54:18] "GET /jetjsi18n/ HTTP/1.1" 200 14431
[03/Oct/2022 13:54:18] "GET /admin/jsi18n/ HTTP/1.1" 200 15618
[03/Oct/2022 13:54:23] "GET /mailings HTTP/1.1" 200 14273
[03/Oct/2022 13:54:23] "GET /static/assets/css/main.css HTTP/1.1" 304 0
[03/Oct/2022 13:54:23] "GET /static/assets/css/structure.css HTTP/1.1" 304 0
[03/Oct/2022 13:54:24] "GET /static/assets/img/01.jpg HTTP/1.1" 404 1814
[03/Oct/2022 15:00:43] "GET / HTTP/1.1" 200 12026
[03/Oct/2022 15:00:43] "GET /static/assets/css/elements/alert.css HTTP/1.1" 200 4936
[03/Oct/2022 15:00:43] "GET /static/assets/css/plugins.css HTTP/1.1" 200 346
[03/Oct/2022 15:00:43] "GET /static/assets/img/logo.png HTTP/1.1" 304 0
[03/Oct/2022 15:00:43] "GET /static/assets/img/90x90.jpg HTTP/1.1" 304 0
[03/Oct/2022 15:00:44] "GET /static/assets/js/libs/jquery-3.1.1.min.js HTTP/1.1" 304 0
[03/Oct/2022 15:00:44] "GET /static/bootstrap/js/popper.min.js HTTP/1.1" 304 0
[03/Oct/2022 15:00:44] "GET /static/bootstrap/js/bootstrap.min.js HTTP/1.1" 304 0
[03/Oct/2022 15:00:44] "GET /static/plugins/perfect-scrollbar/perfect-scrollbar.min.js HTTP/1.1" 304 0
[03/Oct/2022 15:00:44] "GET /static/assets/css/main.css HTTP/1.1" 304 0
[03/Oct/2022 15:00:44] "GET /static/assets/css/structure.css HTTP/1.1" 304 0
[03/Oct/2022 15:00:44] "GET /static/plugins/perfect-scrollbar/perfect-scrollbar.css HTTP/1.1" 304 0
[03/Oct/2022 15:00:44] "GET /static/plugins/highlight/styles/monokai-sublime.css HTTP/1.1" 304 0
[03/Oct/2022 15:00:44] "GET /static/assets/js/app.js HTTP/1.1" 304 0
[03/Oct/2022 15:00:44] "GET /static/assets/js/custom.js HTTP/1.1" 304 0
[03/Oct/2022 15:00:44] "GET /static/assets/img/01.jpg HTTP/1.1" 404 1814
[03/Oct/2022 15:00:44] "GET /static/bootstrap/css/bootstrap.min.css HTTP/1.1" 200 161409
[03/Oct/2022 15:00:44] "GET /static/assets/img/favicon.ico HTTP/1.1" 304 0
[03/Oct/2022 15:00:50] "GET /profile HTTP/1.1" 200 18092
[03/Oct/2022 15:00:50] "GET /static/assets/img/01.jpg HTTP/1.1" 404 1814
[03/Oct/2022 15:00:55] "POST /profile HTTP/1.1" 200 18092
[03/Oct/2022 15:00:55] "GET /static/assets/img/01.jpg HTTP/1.1" 404 1814
[03/Oct/2022 15:00:57] "POST /profile HTTP/1.1" 200 18092
[03/Oct/2022 15:00:57] "GET /static/assets/img/90x90.jpg HTTP/1.1" 200 1008
[03/Oct/2022 15:00:58] "GET /static/assets/img/01.jpg HTTP/1.1" 404 1814
[03/Oct/2022 15:00:58] "GET /static/bootstrap/js/popper.min.js HTTP/1.1" 200 18994
[03/Oct/2022 15:00:58] "GET /static/plugins/perfect-scrollbar/perfect-scrollbar.min.js HTTP/1.1" 200 18291
[03/Oct/2022 15:00:58] "GET /static/assets/js/app.js HTTP/1.1" 200 14134
[03/Oct/2022 15:00:58] "GET /static/assets/js/custom.js HTTP/1.1" 200 3751
[03/Oct/2022 15:00:58] "GET /static/bootstrap/js/bootstrap.min.js HTTP/1.1" 200 63467
[03/Oct/2022 15:00:58] "GET /static/assets/js/libs/jquery-3.1.1.min.js HTTP/1.1" 200 86709
[03/Oct/2022 15:01:14] "GET /tarrifs HTTP/1.1" 200 13890
[03/Oct/2022 15:01:14] "GET /static/assets/img/01.jpg HTTP/1.1" 404 1814
[03/Oct/2022 15:01:17] "GET /mailings HTTP/1.1" 200 14273
[03/Oct/2022 15:01:17] "GET /static/assets/img/01.jpg HTTP/1.1" 404 1814
15:01:59 [Q] INFO Enqueued 1
[03/Oct/2022 15:01:59] "POST /mailings HTTP/1.1" 200 14543
15:01:59 [Q] INFO Process-1:1 processing [jersey-angel-pasta-summer]
[03/Oct/2022 15:01:59] "GET /static/assets/img/01.jpg HTTP/1.1" 404 1814
15:02:04 [Q] INFO Processed [jersey-angel-pasta-summer]
[03/Oct/2022 15:02:20] "GET / HTTP/1.1" 200 12026
[03/Oct/2022 15:02:20] "GET /static/assets/img/01.jpg HTTP/1.1" 404 1814
[03/Oct/2022 15:02:25] "GET /profile HTTP/1.1" 200 18538
[03/Oct/2022 15:02:26] "GET /static/assets/img/01.jpg HTTP/1.1" 404 1814
[03/Oct/2022 15:02:35] "GET /mailings HTTP/1.1" 200 14273
[03/Oct/2022 15:02:35] "GET /static/assets/img/01.jpg HTTP/1.1" 404 1814
15:02:42 [Q] INFO Enqueued 1
[03/Oct/2022 15:02:42] "POST /mailings HTTP/1.1" 200 14543
15:02:42 [Q] INFO Process-1:2 processing [massachusetts-uncle-carbon-princess]
[03/Oct/2022 15:02:42] "GET /static/assets/img/01.jpg HTTP/1.1" 404 1814
[03/Oct/2022 15:02:46] "GET / HTTP/1.1" 200 12026
[03/Oct/2022 15:02:46] "GET /static/assets/img/01.jpg HTTP/1.1" 404 1814
15:02:47 [Q] INFO Processed [massachusetts-uncle-carbon-princess]
[03/Oct/2022 15:02:51] "GET /profile HTTP/1.1" 200 18984
[03/Oct/2022 15:02:51] "GET /static/assets/img/01.jpg HTTP/1.1" 404 1814
[03/Oct/2022 15:18:26] "GET /mailings HTTP/1.1" 302 0
[03/Oct/2022 15:18:26] "GET /?next=/mailings HTTP/1.1" 200 7500
[03/Oct/2022 15:18:26] "GET /static/bootstrap/css/bootstrap.min.css HTTP/1.1" 304 0
[03/Oct/2022 15:18:26] "GET /static/assets/css/plugins.css HTTP/1.1" 304 0
[03/Oct/2022 15:18:26] "GET /static/assets/css/elements/alert.css HTTP/1.1" 304 0
[03/Oct/2022 15:18:26] "GET /static/assets/js/libs/jquery-3.1.1.min.js HTTP/1.1" 304 0
[03/Oct/2022 15:18:26] "GET /static/plugins/perfect-scrollbar/perfect-scrollbar.min.js HTTP/1.1" 304 0
[03/Oct/2022 15:18:26] "GET /static/bootstrap/js/popper.min.js HTTP/1.1" 304 0
[03/Oct/2022 15:18:26] "GET /static/bootstrap/js/bootstrap.min.js HTTP/1.1" 304 0
[03/Oct/2022 15:18:26] "GET /static/assets/js/app.js HTTP/1.1" 304 0
[03/Oct/2022 15:18:26] "GET /static/assets/js/custom.js HTTP/1.1" 304 0
[03/Oct/2022 15:18:26] "GET /static/plugins/perfect-scrollbar/perfect-scrollbar.css HTTP/1.1" 304 0
[03/Oct/2022 15:18:26] "GET /static/plugins/highlight/styles/monokai-sublime.css HTTP/1.1" 304 0
[03/Oct/2022 15:18:26] "GET /static/assets/img/logo.png HTTP/1.1" 304 0
[03/Oct/2022 15:18:28] "GET /static/assets/img/favicon.ico HTTP/1.1" 304 0
[03/Oct/2022 15:18:29] "GET /admin/backend/purchasetarrif/ HTTP/1.1" 302 0
[03/Oct/2022 15:18:29] "GET /admin/login/?next=/admin/backend/purchasetarrif/ HTTP/1.1" 200 5355
[03/Oct/2022 15:18:29] "GET /jetjsi18n/ HTTP/1.1" 200 14431
[03/Oct/2022 15:18:35] "POST /admin/login/?next=/admin/backend/purchasetarrif/ HTTP/1.1" 302 0
[03/Oct/2022 15:18:36] "GET /admin/backend/purchasetarrif/ HTTP/1.1" 200 23997
[03/Oct/2022 15:18:36] "GET /jetjsi18n/ HTTP/1.1" 200 14431
[03/Oct/2022 15:18:36] "GET /admin/jsi18n/ HTTP/1.1" 200 15618
[03/Oct/2022 15:18:39] "GET /admin/backend/purchasetarrif/ HTTP/1.1" 200 23997
[03/Oct/2022 15:18:39] "GET /jetjsi18n/ HTTP/1.1" 200 14431
[03/Oct/2022 15:18:39] "GET /admin/jsi18n/ HTTP/1.1" 200 15618
[03/Oct/2022 15:18:40] "GET /admin/backend/user/ HTTP/1.1" 200 25033
[03/Oct/2022 15:18:40] "GET /jetjsi18n/ HTTP/1.1" 200 14431
[03/Oct/2022 15:18:40] "GET /admin/jsi18n/ HTTP/1.1" 200 15618
[03/Oct/2022 15:18:40] "GET /admin/backend/user/ HTTP/1.1" 200 25033
[03/Oct/2022 15:18:41] "GET /jetjsi18n/ HTTP/1.1" 200 14431
[03/Oct/2022 15:18:41] "GET /admin/jsi18n/ HTTP/1.1" 200 15618
[03/Oct/2022 15:18:47] "GET / HTTP/1.1" 200 12026
[03/Oct/2022 15:18:47] "GET /static/assets/img/90x90.jpg HTTP/1.1" 304 0
[03/Oct/2022 15:18:47] "GET /static/assets/img/01.jpg HTTP/1.1" 404 1814
[03/Oct/2022 15:18:49] "GET /tarrifs HTTP/1.1" 200 13890
[03/Oct/2022 15:18:49] "GET /static/assets/img/01.jpg HTTP/1.1" 404 1814
[03/Oct/2022 15:18:50] "GET /profile HTTP/1.1" 200 18984
[03/Oct/2022 15:18:50] "GET /static/assets/img/01.jpg HTTP/1.1" 404 1814
[03/Oct/2022 15:18:50] "GET /mailings HTTP/1.1" 200 14273
[03/Oct/2022 15:18:50] "GET /static/assets/img/01.jpg HTTP/1.1" 404 1814
[03/Oct/2022 15:18:52] "GET /profile HTTP/1.1" 200 18984
[03/Oct/2022 15:18:52] "GET /static/assets/img/01.jpg HTTP/1.1" 404 1814
[03/Oct/2022 15:19:16] "GET /tarrifs HTTP/1.1" 200 13890
[03/Oct/2022 15:19:16] "GET /static/assets/img/01.jpg HTTP/1.1" 404 1814
[03/Oct/2022 15:19:18] "GET /profile HTTP/1.1" 200 18984
[03/Oct/2022 15:19:19] "GET /static/assets/img/01.jpg HTTP/1.1" 404 1814
[03/Oct/2022 15:19:20] "GET / HTTP/1.1" 200 12026
[03/Oct/2022 15:19:20] "GET /static/assets/img/01.jpg HTTP/1.1" 404 1814
[03/Oct/2022 15:19:21] "GET /profile HTTP/1.1" 200 18984
[03/Oct/2022 15:19:21] "GET /static/assets/img/01.jpg HTTP/1.1" 404 1814
[03/Oct/2022 15:19:23] "GET /mailings HTTP/1.1" 200 14273
[03/Oct/2022 15:19:23] "GET /static/assets/img/01.jpg HTTP/1.1" 404 1814
[03/Oct/2022 15:19:30] "GET /tarrifs HTTP/1.1" 200 13890
[03/Oct/2022 15:19:30] "GET /static/assets/img/01.jpg HTTP/1.1" 404 1814
[03/Oct/2022 15:19:33] "GET /profile HTTP/1.1" 200 18984
[03/Oct/2022 15:19:33] "GET /static/assets/img/01.jpg HTTP/1.1" 404 1814
[03/Oct/2022 15:19:33] "GET / HTTP/1.1" 200 12026
[03/Oct/2022 15:19:33] "GET /static/assets/img/01.jpg HTTP/1.1" 404 1814
[03/Oct/2022 15:52:02] "GET / HTTP/1.1" 200 7500
[03/Oct/2022 15:52:03] "GET /static/assets/css/structure.css HTTP/1.1" 304 0
[03/Oct/2022 15:52:05] "GET /admin/ HTTP/1.1" 302 0
[03/Oct/2022 15:52:05] "GET /admin/login/?next=/admin/ HTTP/1.1" 200 5309
[03/Oct/2022 15:52:05] "GET /jetjsi18n/ HTTP/1.1" 200 14431
[03/Oct/2022 15:52:09] "POST /admin/login/?next=/admin/ HTTP/1.1" 302 0
[03/Oct/2022 15:52:10] "GET /admin/ HTTP/1.1" 200 30481
[03/Oct/2022 15:52:10] "GET /jetjsi18n/ HTTP/1.1" 200 14431
[03/Oct/2022 15:52:13] "GET /admin/backend/user/ HTTP/1.1" 200 25033
[03/Oct/2022 15:52:13] "GET /admin/jsi18n/ HTTP/1.1" 200 15618
[03/Oct/2022 15:52:13] "GET /jetjsi18n/ HTTP/1.1" 200 14431
[03/Oct/2022 15:52:17] "GET /admin/backend/purchasetarrif/ HTTP/1.1" 200 23997
[03/Oct/2022 15:52:17] "GET /jetjsi18n/ HTTP/1.1" 200 14431
[03/Oct/2022 15:52:17] "GET /admin/jsi18n/ HTTP/1.1" 200 15618
[03/Oct/2022 15:52:18] "GET /admin/backend/user/ HTTP/1.1" 200 25033
[03/Oct/2022 15:52:18] "GET /jetjsi18n/ HTTP/1.1" 200 14431
[03/Oct/2022 15:52:18] "GET /admin/jsi18n/ HTTP/1.1" 200 15618
[03/Oct/2022 15:52:20] "GET /admin/backend/mailing/ HTTP/1.1" 200 23359
[03/Oct/2022 15:52:20] "GET /jetjsi18n/ HTTP/1.1" 200 14431
[03/Oct/2022 15:52:20] "GET /admin/jsi18n/ HTTP/1.1" 200 15618
[03/Oct/2022 15:52:21] "GET /admin/backend/mailing/4/change/ HTTP/1.1" 200 26161
[03/Oct/2022 15:52:21] "GET /jetjsi18n/ HTTP/1.1" 200 14431
[03/Oct/2022 15:52:21] "GET /admin/jsi18n/ HTTP/1.1" 200 15618
[03/Oct/2022 15:52:29] "GET /admin/backend/mailing/ HTTP/1.1" 200 23359
[03/Oct/2022 15:52:31] "GET /admin/backend/mailing/5/change/ HTTP/1.1" 200 26075
[03/Oct/2022 15:52:31] "GET /admin/jsi18n/ HTTP/1.1" 200 15618
[03/Oct/2022 15:52:31] "GET /jetjsi18n/ HTTP/1.1" 200 14431
[03/Oct/2022 15:52:39] "GET /admin/backend/purchasetarrif/ HTTP/1.1" 200 23997
[03/Oct/2022 15:52:39] "GET /jetjsi18n/ HTTP/1.1" 200 14431
[03/Oct/2022 15:52:39] "GET /admin/jsi18n/ HTTP/1.1" 200 15618
[03/Oct/2022 15:52:40] "GET /admin/backend/user/ HTTP/1.1" 200 25033
[03/Oct/2022 15:52:40] "GET /jetjsi18n/ HTTP/1.1" 200 14431
[03/Oct/2022 15:52:40] "GET /admin/jsi18n/ HTTP/1.1" 200 15618
[03/Oct/2022 15:52:47] "GET / HTTP/1.1" 200 12026
[03/Oct/2022 15:52:47] "GET /static/assets/img/01.jpg HTTP/1.1" 404 1814
